<?xml version="1.0" encoding="UTF-8"?>
<!-- Generated by org.testng.reporters.JUnitXMLReporter -->
<testsuite ignored="0" hostname="DESKTOP-KNQTGVG" failures="0" tests="3" name="Submit Order Test" time="76.291" errors="0" timestamp="2022-12-01T19:36:40 CET">
  <testcase classname="MW.SeleniumTestFramework.Tests.SubmitOrderTest" name="SubmitOrder" time="14.794"/>
  <testcase classname="MW.SeleniumTestFramework.Tests.SubmitOrderTest" name="SubmitOrder" time="5.013"/>
  <testcase classname="MW.SeleniumTestFramework.Tests.SubmitOrderTest" name="OrderHistoryTest" time="1.659"/>
</testsuite> <!-- Submit Order Test -->
